#! /c/Source/iverilog-install/bin/vvp
:ivl_version "12.0 (devel)" "(s20150603-1539-g2693dd32b)";
:ivl_delay_selection "TYPICAL";
:vpi_time_precision + 0;
:vpi_module "C:\iverilog\lib\ivl\system.vpi";
:vpi_module "C:\iverilog\lib\ivl\vhdl_sys.vpi";
:vpi_module "C:\iverilog\lib\ivl\vhdl_textio.vpi";
:vpi_module "C:\iverilog\lib\ivl\v2005_math.vpi";
:vpi_module "C:\iverilog\lib\ivl\va_math.vpi";
:vpi_module "C:\iverilog\lib\ivl\v2009.vpi";
S_00000144c7002fc0 .scope package, "$unit" "$unit" 2 1;
 .timescale 0 0;
S_00000144c7003150 .scope module, "control" "control" 3 3;
 .timescale 0 0;
    .port_info 0 /INPUT 32 "inst";
    .port_info 1 /OUTPUT 7 "wInstype";
    .port_info 2 /OUTPUT 2 "wA_sel";
    .port_info 3 /OUTPUT 2 "wB_sel";
    .port_info 4 /OUTPUT 4 "wAlu_op";
    .port_info 5 /OUTPUT 2 "wMem_read_en";
    .port_info 6 /OUTPUT 2 "wMem_write_en";
    .port_info 7 /OUTPUT 2 "wReg_write_en";
    .port_info 8 /OUTPUT 3 "wWb_sel";
    .port_info 9 /OUTPUT 2 "wPc_sel";
    .port_info 10 /OUTPUT 3 "wBr_cond";
    .port_info 11 /OUTPUT 4 "wStore_width";
    .port_info 12 /OUTPUT 4 "wLoad_width";
P_00000144c7057030 .param/l "ALU_ADD" 1 3 34, C4<0011>;
P_00000144c7057068 .param/l "ALU_AND" 1 3 31, C4<0000>;
P_00000144c70570a0 .param/l "ALU_ELSE" 1 3 41, C4<1010>;
P_00000144c70570d8 .param/l "ALU_OR" 1 3 32, C4<0001>;
P_00000144c7057110 .param/l "ALU_SLL" 1 3 38, C4<0111>;
P_00000144c7057148 .param/l "ALU_SLT" 1 3 36, C4<0101>;
P_00000144c7057180 .param/l "ALU_SLTU" 1 3 37, C4<0110>;
P_00000144c70571b8 .param/l "ALU_SRA" 1 3 40, C4<1001>;
P_00000144c70571f0 .param/l "ALU_SRL" 1 3 39, C4<1000>;
P_00000144c7057228 .param/l "ALU_SUB" 1 3 35, C4<0100>;
P_00000144c7057260 .param/l "ALU_XOR" 1 3 33, C4<0010>;
P_00000144c7057298 .param/l "A_SEL_PC" 1 3 18, C4<01>;
P_00000144c70572d0 .param/l "A_SEL_RS1" 1 3 19, C4<00>;
P_00000144c7057308 .param/l "BRANCH_TYPE" 1 3 10, C4<1100011>;
P_00000144c7057340 .param/l "BR_EQ" 1 3 24, C4<000>;
P_00000144c7057378 .param/l "BR_GE" 1 3 27, C4<101>;
P_00000144c70573b0 .param/l "BR_GEU" 1 3 29, C4<111>;
P_00000144c70573e8 .param/l "BR_LT" 1 3 26, C4<100>;
P_00000144c7057420 .param/l "BR_LTU" 1 3 28, C4<110>;
P_00000144c7057458 .param/l "BR_NEQ" 1 3 25, C4<001>;
P_00000144c7057490 .param/l "B_SEL_IMM" 1 3 22, C4<00>;
P_00000144c70574c8 .param/l "B_SEL_RS2" 1 3 21, C4<01>;
P_00000144c7057500 .param/l "IMMEDIATE_TYPE" 1 3 7, C4<0010011>;
P_00000144c7057538 .param/l "J_TYPE" 1 3 11, C4<1101111>;
P_00000144c7057570 .param/l "LOAD_BYTE" 1 3 49, C4<000>;
P_00000144c70575a8 .param/l "LOAD_DOUBLE_WORD" 1 3 52, C4<011>;
P_00000144c70575e0 .param/l "LOAD_HALF_WORD" 1 3 50, C4<001>;
P_00000144c7057618 .param/l "LOAD_TYPE" 1 3 8, C4<0000011>;
P_00000144c7057650 .param/l "LOAD_WORD" 1 3 51, C4<010>;
P_00000144c7057688 .param/l "MEM_READ_DIS" 1 3 47, C4<00>;
P_00000144c70576c0 .param/l "MEM_READ_EN" 1 3 46, C4<01>;
P_00000144c70576f8 .param/l "MEM_WRITE_DIS" 1 3 44, C4<00>;
P_00000144c7057730 .param/l "MEM_WRITE_EN" 1 3 43, C4<01>;
P_00000144c7057768 .param/l "PC_ALU" 1 3 70, C4<00>;
P_00000144c70577a0 .param/l "PC_PLUS_4" 1 3 69, C4<01>;
P_00000144c70577d8 .param/l "REGISTER_TYPE" 1 3 6, C4<0110011>;
P_00000144c7057810 .param/l "REG_WRITE_DIS" 1 3 16, C4<00>;
P_00000144c7057848 .param/l "REG_WRITE_EN" 1 3 15, C4<01>;
P_00000144c7057880 .param/l "STORE_BYTE" 1 3 58, C4<000>;
P_00000144c70578b8 .param/l "STORE_DOUBLE_WORD" 1 3 61, C4<011>;
P_00000144c70578f0 .param/l "STORE_HALF_WORD" 1 3 59, C4<001>;
P_00000144c7057928 .param/l "STORE_TYPE" 1 3 9, C4<0100011>;
P_00000144c7057960 .param/l "STORE_WORD" 1 3 60, C4<010>;
P_00000144c7057998 .param/l "ULOAD_BYTE" 1 3 53, C4<100>;
P_00000144c70579d0 .param/l "ULOAD_HALF_WORD" 1 3 54, C4<101>;
P_00000144c7057a08 .param/l "ULOAD_WORD" 1 3 55, C4<110>;
P_00000144c7057a40 .param/l "WB_ALU" 1 3 65, C4<010>;
P_00000144c7057a78 .param/l "WB_GARBAGE" 1 3 64, C4<011>;
P_00000144c7057ab0 .param/l "WB_MEM" 1 3 67, C4<000>;
P_00000144c7057ae8 .param/l "WB_PC_PLUS_4" 1 3 66, C4<001>;
L_00000144c7055d10 .functor BUFZ 7, v00000144c70b24f0_0, C4<0000000>, C4<0000000>, C4<0000000>;
L_00000144c7055ae0 .functor BUFZ 2, v00000144c7003380_0, C4<00>, C4<00>, C4<00>;
L_00000144c7055680 .functor BUFZ 2, v00000144c7034950_0, C4<00>, C4<00>, C4<00>;
L_00000144c7055450 .functor BUFZ 4, v00000144c70348b0_0, C4<0000>, C4<0000>, C4<0000>;
L_00000144c7055300 .functor BUFZ 2, v00000144c70b26d0_0, C4<00>, C4<00>, C4<00>;
L_00000144c70550d0 .functor BUFZ 2, v00000144c70b2770_0, C4<00>, C4<00>, C4<00>;
L_00000144c7055f40 .functor BUFZ 2, v00000144c70b2fe0_0, C4<00>, C4<00>, C4<00>;
L_00000144c7055c30 .functor BUFZ 3, v00000144c70b3760_0, C4<000>, C4<000>, C4<000>;
L_00000144c7055b50 .functor BUFZ 2, v00000144c70b2810_0, C4<00>, C4<00>, C4<00>;
L_00000144c7055060 .functor BUFZ 3, v00000144c70b2450_0, C4<000>, C4<000>, C4<000>;
L_00000144c70f0088 .functor BUFT 1, C4<0>, C4<0>, C4<0>, C4<0>;
v00000144c7034c60_0 .net *"_ivl_23", 0 0, L_00000144c70f0088;  1 drivers
L_00000144c70f00d0 .functor BUFT 1, C4<0>, C4<0>, C4<0>, C4<0>;
v00000144c70032e0_0 .net *"_ivl_27", 0 0, L_00000144c70f00d0;  1 drivers
v00000144c7003380_0 .var "a_sel", 1 0;
v00000144c70348b0_0 .var "alu_op", 3 0;
v00000144c7034950_0 .var "b_sel", 1 0;
v00000144c70b2450_0 .var "br_cond", 2 0;
v00000144c70b24f0_0 .var "insType", 6 0;
o00000144c705a0a8 .functor BUFZ 32, C4<zzzzzzzzzzzzzzzzzzzzzzzzzzzzzzzz>; HiZ drive
v00000144c70b2590_0 .net "inst", 31 0, o00000144c705a0a8;  0 drivers
v00000144c70b2630_0 .var "load_width", 2 0;
v00000144c70b26d0_0 .var "mem_read_en", 1 0;
v00000144c70b2770_0 .var "mem_write_en", 1 0;
v00000144c70b2810_0 .var "pc_sel", 1 0;
v00000144c70b2fe0_0 .var "reg_write_en", 1 0;
v00000144c70b3120_0 .var "store_width", 2 0;
v00000144c70b34e0_0 .net "wA_sel", 1 0, L_00000144c7055ae0;  1 drivers
v00000144c70b2d60_0 .net "wAlu_op", 3 0, L_00000144c7055450;  1 drivers
v00000144c70b3440_0 .net "wB_sel", 1 0, L_00000144c7055680;  1 drivers
v00000144c70b2cc0_0 .net "wBr_cond", 2 0, L_00000144c7055060;  1 drivers
v00000144c70b2e00_0 .net "wInstype", 6 0, L_00000144c7055d10;  1 drivers
v00000144c70b3620_0 .net "wLoad_width", 3 0, L_00000144c70b31c0;  1 drivers
v00000144c70b3080_0 .net "wMem_read_en", 1 0, L_00000144c7055300;  1 drivers
v00000144c70b2900_0 .net "wMem_write_en", 1 0, L_00000144c70550d0;  1 drivers
v00000144c70b33a0_0 .net "wPc_sel", 1 0, L_00000144c7055b50;  1 drivers
v00000144c70b36c0_0 .net "wReg_write_en", 1 0, L_00000144c7055f40;  1 drivers
v00000144c70b2ea0_0 .net "wStore_width", 3 0, L_00000144c70b2f40;  1 drivers
v00000144c70b3580_0 .net "wWb_sel", 2 0, L_00000144c7055c30;  1 drivers
v00000144c70b3760_0 .var "wb_sel", 2 0;
E_00000144c7053f90 .event anyedge, v00000144c70b2590_0;
L_00000144c70b2f40 .concat [ 3 1 0 0], v00000144c70b3120_0, L_00000144c70f0088;
L_00000144c70b31c0 .concat [ 3 1 0 0], v00000144c70b2630_0, L_00000144c70f00d0;
    .scope S_00000144c7003150;
T_0 ;
    %wait E_00000144c7053f90;
    %load/vec4 v00000144c70b2590_0;
    %parti/s 7, 0, 2;
    %dup/vec4;
    %pushi/vec4 51, 0, 7;
    %cmp/u;
    %jmp/1 T_0.0, 6;
    %dup/vec4;
    %pushi/vec4 19, 0, 7;
    %cmp/u;
    %jmp/1 T_0.1, 6;
    %dup/vec4;
    %pushi/vec4 3, 0, 7;
    %cmp/u;
    %jmp/1 T_0.2, 6;
    %dup/vec4;
    %pushi/vec4 35, 0, 7;
    %cmp/u;
    %jmp/1 T_0.3, 6;
    %dup/vec4;
    %pushi/vec4 99, 0, 7;
    %cmp/u;
    %jmp/1 T_0.4, 6;
    %dup/vec4;
    %pushi/vec4 111, 0, 7;
    %cmp/u;
    %jmp/1 T_0.5, 6;
    %dup/vec4;
    %pushi/vec4 55, 0, 7;
    %cmp/u;
    %jmp/1 T_0.6, 6;
    %dup/vec4;
    %pushi/vec4 23, 0, 7;
    %cmp/u;
    %jmp/1 T_0.7, 6;
    %jmp T_0.8;
T_0.0 ;
    %pushi/vec4 0, 0, 2;
    %store/vec4 v00000144c7003380_0, 0, 2;
    %pushi/vec4 1, 0, 2;
    %store/vec4 v00000144c7034950_0, 0, 2;
    %pushi/vec4 0, 0, 2;
    %store/vec4 v00000144c70b26d0_0, 0, 2;
    %pushi/vec4 0, 0, 2;
    %store/vec4 v00000144c70b2770_0, 0, 2;
    %pushi/vec4 1, 0, 2;
    %store/vec4 v00000144c70b2fe0_0, 0, 2;
    %pushi/vec4 2, 0, 3;
    %store/vec4 v00000144c70b3760_0, 0, 3;
    %pushi/vec4 1, 0, 2;
    %store/vec4 v00000144c70b2810_0, 0, 2;
    %pushi/vec4 51, 0, 7;
    %store/vec4 v00000144c70b24f0_0, 0, 7;
    %load/vec4 v00000144c70b2590_0;
    %parti/s 3, 12, 5;
    %dup/vec4;
    %pushi/vec4 0, 0, 3;
    %cmp/u;
    %jmp/1 T_0.9, 6;
    %dup/vec4;
    %pushi/vec4 1, 0, 3;
    %cmp/u;
    %jmp/1 T_0.10, 6;
    %dup/vec4;
    %pushi/vec4 2, 0, 3;
    %cmp/u;
    %jmp/1 T_0.11, 6;
    %dup/vec4;
    %pushi/vec4 3, 0, 3;
    %cmp/u;
    %jmp/1 T_0.12, 6;
    %dup/vec4;
    %pushi/vec4 4, 0, 3;
    %cmp/u;
    %jmp/1 T_0.13, 6;
    %dup/vec4;
    %pushi/vec4 5, 0, 3;
    %cmp/u;
    %jmp/1 T_0.14, 6;
    %dup/vec4;
    %pushi/vec4 6, 0, 3;
    %cmp/u;
    %jmp/1 T_0.15, 6;
    %dup/vec4;
    %pushi/vec4 7, 0, 3;
    %cmp/u;
    %jmp/1 T_0.16, 6;
    %pushi/vec4 10, 0, 4;
    %store/vec4 v00000144c70348b0_0, 0, 4;
    %jmp T_0.18;
T_0.9 ;
    %pushi/vec4 3, 0, 4;
    %store/vec4 v00000144c70348b0_0, 0, 4;
    %jmp T_0.18;
T_0.10 ;
    %pushi/vec4 2, 0, 4;
    %store/vec4 v00000144c70348b0_0, 0, 4;
    %jmp T_0.18;
T_0.11 ;
    %pushi/vec4 1, 0, 4;
    %store/vec4 v00000144c70348b0_0, 0, 4;
    %jmp T_0.18;
T_0.12 ;
    %pushi/vec4 0, 0, 4;
    %store/vec4 v00000144c70348b0_0, 0, 4;
    %jmp T_0.18;
T_0.13 ;
    %pushi/vec4 7, 0, 4;
    %store/vec4 v00000144c70348b0_0, 0, 4;
    %jmp T_0.18;
T_0.14 ;
    %load/vec4 v00000144c70b2590_0;
    %parti/s 7, 25, 6;
    %cmpi/u 0, 0, 7;
    %flag_or 5, 4; GT is !LE
    %flag_inv 5;
    %flag_mov 8, 5;
    %jmp/0 T_0.19, 8;
    %pushi/vec4 9, 0, 4;
    %jmp/1 T_0.20, 8;
T_0.19 ; End of true expr.
    %pushi/vec4 8, 0, 4;
    %jmp/0 T_0.20, 8;
 ; End of false expr.
    %blend;
T_0.20;
    %store/vec4 v00000144c70348b0_0, 0, 4;
    %jmp T_0.18;
T_0.15 ;
    %pushi/vec4 5, 0, 4;
    %store/vec4 v00000144c70348b0_0, 0, 4;
    %jmp T_0.18;
T_0.16 ;
    %pushi/vec4 6, 0, 4;
    %store/vec4 v00000144c70348b0_0, 0, 4;
    %jmp T_0.18;
T_0.18 ;
    %pop/vec4 1;
    %jmp T_0.8;
T_0.1 ;
    %pushi/vec4 0, 0, 2;
    %store/vec4 v00000144c7003380_0, 0, 2;
    %pushi/vec4 0, 0, 2;
    %store/vec4 v00000144c7034950_0, 0, 2;
    %pushi/vec4 0, 0, 2;
    %store/vec4 v00000144c70b26d0_0, 0, 2;
    %pushi/vec4 0, 0, 2;
    %store/vec4 v00000144c70b2770_0, 0, 2;
    %pushi/vec4 1, 0, 2;
    %store/vec4 v00000144c70b2fe0_0, 0, 2;
    %pushi/vec4 2, 0, 3;
    %store/vec4 v00000144c70b3760_0, 0, 3;
    %pushi/vec4 1, 0, 2;
    %store/vec4 v00000144c70b2810_0, 0, 2;
    %pushi/vec4 19, 0, 7;
    %store/vec4 v00000144c70b24f0_0, 0, 7;
    %load/vec4 v00000144c70b2590_0;
    %parti/s 3, 12, 5;
    %dup/vec4;
    %pushi/vec4 0, 0, 3;
    %cmp/u;
    %jmp/1 T_0.21, 6;
    %dup/vec4;
    %pushi/vec4 1, 0, 3;
    %cmp/u;
    %jmp/1 T_0.22, 6;
    %dup/vec4;
    %pushi/vec4 2, 0, 3;
    %cmp/u;
    %jmp/1 T_0.23, 6;
    %dup/vec4;
    %pushi/vec4 3, 0, 3;
    %cmp/u;
    %jmp/1 T_0.24, 6;
    %dup/vec4;
    %pushi/vec4 4, 0, 3;
    %cmp/u;
    %jmp/1 T_0.25, 6;
    %dup/vec4;
    %pushi/vec4 5, 0, 3;
    %cmp/u;
    %jmp/1 T_0.26, 6;
    %dup/vec4;
    %pushi/vec4 6, 0, 3;
    %cmp/u;
    %jmp/1 T_0.27, 6;
    %dup/vec4;
    %pushi/vec4 7, 0, 3;
    %cmp/u;
    %jmp/1 T_0.28, 6;
    %pushi/vec4 10, 0, 4;
    %store/vec4 v00000144c70348b0_0, 0, 4;
    %jmp T_0.30;
T_0.21 ;
    %pushi/vec4 3, 0, 4;
    %store/vec4 v00000144c70348b0_0, 0, 4;
    %jmp T_0.30;
T_0.22 ;
    %pushi/vec4 2, 0, 4;
    %store/vec4 v00000144c70348b0_0, 0, 4;
    %jmp T_0.30;
T_0.23 ;
    %pushi/vec4 1, 0, 4;
    %store/vec4 v00000144c70348b0_0, 0, 4;
    %jmp T_0.30;
T_0.24 ;
    %pushi/vec4 0, 0, 4;
    %store/vec4 v00000144c70348b0_0, 0, 4;
    %jmp T_0.30;
T_0.25 ;
    %pushi/vec4 7, 0, 4;
    %store/vec4 v00000144c70348b0_0, 0, 4;
    %jmp T_0.30;
T_0.26 ;
    %load/vec4 v00000144c70b2590_0;
    %parti/s 7, 25, 6;
    %cmpi/u 0, 0, 7;
    %flag_or 5, 4; GT is !LE
    %flag_inv 5;
    %flag_mov 8, 5;
    %jmp/0 T_0.31, 8;
    %pushi/vec4 9, 0, 4;
    %jmp/1 T_0.32, 8;
T_0.31 ; End of true expr.
    %pushi/vec4 8, 0, 4;
    %jmp/0 T_0.32, 8;
 ; End of false expr.
    %blend;
T_0.32;
    %store/vec4 v00000144c70348b0_0, 0, 4;
    %jmp T_0.30;
T_0.27 ;
    %pushi/vec4 5, 0, 4;
    %store/vec4 v00000144c70348b0_0, 0, 4;
    %jmp T_0.30;
T_0.28 ;
    %pushi/vec4 6, 0, 4;
    %store/vec4 v00000144c70348b0_0, 0, 4;
    %jmp T_0.30;
T_0.30 ;
    %pop/vec4 1;
    %jmp T_0.8;
T_0.2 ;
    %pushi/vec4 0, 0, 2;
    %store/vec4 v00000144c7003380_0, 0, 2;
    %pushi/vec4 0, 0, 2;
    %store/vec4 v00000144c7034950_0, 0, 2;
    %pushi/vec4 3, 0, 4;
    %store/vec4 v00000144c70348b0_0, 0, 4;
    %pushi/vec4 1, 0, 2;
    %store/vec4 v00000144c70b26d0_0, 0, 2;
    %pushi/vec4 0, 0, 2;
    %store/vec4 v00000144c70b2770_0, 0, 2;
    %pushi/vec4 1, 0, 2;
    %store/vec4 v00000144c70b2fe0_0, 0, 2;
    %pushi/vec4 0, 0, 3;
    %store/vec4 v00000144c70b3760_0, 0, 3;
    %pushi/vec4 1, 0, 2;
    %store/vec4 v00000144c70b2810_0, 0, 2;
    %pushi/vec4 3, 0, 7;
    %store/vec4 v00000144c70b24f0_0, 0, 7;
    %load/vec4 v00000144c70b2590_0;
    %parti/s 3, 12, 5;
    %dup/vec4;
    %pushi/vec4 0, 0, 3;
    %cmp/u;
    %jmp/1 T_0.33, 6;
    %dup/vec4;
    %pushi/vec4 1, 0, 3;
    %cmp/u;
    %jmp/1 T_0.34, 6;
    %dup/vec4;
    %pushi/vec4 2, 0, 3;
    %cmp/u;
    %jmp/1 T_0.35, 6;
    %dup/vec4;
    %pushi/vec4 3, 0, 3;
    %cmp/u;
    %jmp/1 T_0.36, 6;
    %dup/vec4;
    %pushi/vec4 4, 0, 3;
    %cmp/u;
    %jmp/1 T_0.37, 6;
    %dup/vec4;
    %pushi/vec4 5, 0, 3;
    %cmp/u;
    %jmp/1 T_0.38, 6;
    %dup/vec4;
    %pushi/vec4 6, 0, 3;
    %cmp/u;
    %jmp/1 T_0.39, 6;
    %jmp T_0.40;
T_0.33 ;
    %pushi/vec4 0, 0, 3;
    %store/vec4 v00000144c70b2630_0, 0, 3;
    %jmp T_0.40;
T_0.34 ;
    %pushi/vec4 1, 0, 3;
    %store/vec4 v00000144c70b2630_0, 0, 3;
    %jmp T_0.40;
T_0.35 ;
    %pushi/vec4 2, 0, 3;
    %store/vec4 v00000144c70b2630_0, 0, 3;
    %jmp T_0.40;
T_0.36 ;
    %pushi/vec4 3, 0, 3;
    %store/vec4 v00000144c70b2630_0, 0, 3;
    %jmp T_0.40;
T_0.37 ;
    %pushi/vec4 4, 0, 3;
    %store/vec4 v00000144c70b2630_0, 0, 3;
    %jmp T_0.40;
T_0.38 ;
    %pushi/vec4 5, 0, 3;
    %store/vec4 v00000144c70b2630_0, 0, 3;
    %jmp T_0.40;
T_0.39 ;
    %pushi/vec4 6, 0, 3;
    %store/vec4 v00000144c70b2630_0, 0, 3;
    %jmp T_0.40;
T_0.40 ;
    %pop/vec4 1;
    %jmp T_0.8;
T_0.3 ;
    %pushi/vec4 0, 0, 2;
    %store/vec4 v00000144c7003380_0, 0, 2;
    %pushi/vec4 0, 0, 2;
    %store/vec4 v00000144c7034950_0, 0, 2;
    %pushi/vec4 3, 0, 4;
    %store/vec4 v00000144c70348b0_0, 0, 4;
    %pushi/vec4 0, 0, 2;
    %store/vec4 v00000144c70b26d0_0, 0, 2;
    %pushi/vec4 1, 0, 2;
    %store/vec4 v00000144c70b2770_0, 0, 2;
    %pushi/vec4 0, 0, 2;
    %store/vec4 v00000144c70b2fe0_0, 0, 2;
    %pushi/vec4 3, 0, 3;
    %store/vec4 v00000144c70b3760_0, 0, 3;
    %pushi/vec4 1, 0, 2;
    %store/vec4 v00000144c70b2810_0, 0, 2;
    %pushi/vec4 35, 0, 7;
    %store/vec4 v00000144c70b24f0_0, 0, 7;
    %load/vec4 v00000144c70b2590_0;
    %parti/s 3, 12, 5;
    %dup/vec4;
    %pushi/vec4 0, 0, 3;
    %cmp/u;
    %jmp/1 T_0.41, 6;
    %dup/vec4;
    %pushi/vec4 1, 0, 3;
    %cmp/u;
    %jmp/1 T_0.42, 6;
    %dup/vec4;
    %pushi/vec4 2, 0, 3;
    %cmp/u;
    %jmp/1 T_0.43, 6;
    %dup/vec4;
    %pushi/vec4 3, 0, 3;
    %cmp/u;
    %jmp/1 T_0.44, 6;
    %jmp T_0.45;
T_0.41 ;
    %pushi/vec4 0, 0, 3;
    %store/vec4 v00000144c70b3120_0, 0, 3;
    %jmp T_0.45;
T_0.42 ;
    %pushi/vec4 1, 0, 3;
    %store/vec4 v00000144c70b3120_0, 0, 3;
    %jmp T_0.45;
T_0.43 ;
    %pushi/vec4 2, 0, 3;
    %store/vec4 v00000144c70b3120_0, 0, 3;
    %jmp T_0.45;
T_0.44 ;
    %pushi/vec4 3, 0, 3;
    %store/vec4 v00000144c70b3120_0, 0, 3;
    %jmp T_0.45;
T_0.45 ;
    %pop/vec4 1;
    %jmp T_0.8;
T_0.4 ;
    %pushi/vec4 0, 0, 2;
    %store/vec4 v00000144c7003380_0, 0, 2;
    %pushi/vec4 0, 0, 2;
    %store/vec4 v00000144c7034950_0, 0, 2;
    %pushi/vec4 3, 0, 4;
    %store/vec4 v00000144c70348b0_0, 0, 4;
    %pushi/vec4 0, 0, 2;
    %store/vec4 v00000144c70b26d0_0, 0, 2;
    %pushi/vec4 0, 0, 2;
    %store/vec4 v00000144c70b2770_0, 0, 2;
    %pushi/vec4 0, 0, 2;
    %store/vec4 v00000144c70b2fe0_0, 0, 2;
    %pushi/vec4 3, 0, 3;
    %store/vec4 v00000144c70b3760_0, 0, 3;
    %pushi/vec4 1, 0, 2;
    %store/vec4 v00000144c70b2810_0, 0, 2;
    %pushi/vec4 99, 0, 7;
    %store/vec4 v00000144c70b24f0_0, 0, 7;
    %load/vec4 v00000144c70b2590_0;
    %parti/s 3, 12, 5;
    %dup/vec4;
    %pushi/vec4 0, 0, 3;
    %cmp/u;
    %jmp/1 T_0.46, 6;
    %dup/vec4;
    %pushi/vec4 1, 0, 3;
    %cmp/u;
    %jmp/1 T_0.47, 6;
    %dup/vec4;
    %pushi/vec4 2, 0, 3;
    %cmp/u;
    %jmp/1 T_0.48, 6;
    %dup/vec4;
    %pushi/vec4 3, 0, 3;
    %cmp/u;
    %jmp/1 T_0.49, 6;
    %dup/vec4;
    %pushi/vec4 4, 0, 3;
    %cmp/u;
    %jmp/1 T_0.50, 6;
    %dup/vec4;
    %pushi/vec4 5, 0, 3;
    %cmp/u;
    %jmp/1 T_0.51, 6;
    %jmp T_0.52;
T_0.46 ;
    %pushi/vec4 0, 0, 3;
    %store/vec4 v00000144c70b2450_0, 0, 3;
    %jmp T_0.52;
T_0.47 ;
    %pushi/vec4 1, 0, 3;
    %store/vec4 v00000144c70b2450_0, 0, 3;
    %jmp T_0.52;
T_0.48 ;
    %pushi/vec4 4, 0, 3;
    %store/vec4 v00000144c70b2450_0, 0, 3;
    %jmp T_0.52;
T_0.49 ;
    %pushi/vec4 5, 0, 3;
    %store/vec4 v00000144c70b2450_0, 0, 3;
    %jmp T_0.52;
T_0.50 ;
    %pushi/vec4 6, 0, 3;
    %store/vec4 v00000144c70b2450_0, 0, 3;
    %jmp T_0.52;
T_0.51 ;
    %pushi/vec4 7, 0, 3;
    %store/vec4 v00000144c70b2450_0, 0, 3;
    %jmp T_0.52;
T_0.52 ;
    %pop/vec4 1;
    %jmp T_0.8;
T_0.5 ;
    %pushi/vec4 1, 0, 2;
    %store/vec4 v00000144c7003380_0, 0, 2;
    %pushi/vec4 0, 0, 2;
    %store/vec4 v00000144c7034950_0, 0, 2;
    %pushi/vec4 3, 0, 4;
    %store/vec4 v00000144c70348b0_0, 0, 4;
    %pushi/vec4 0, 0, 2;
    %store/vec4 v00000144c70b26d0_0, 0, 2;
    %pushi/vec4 0, 0, 2;
    %store/vec4 v00000144c70b2770_0, 0, 2;
    %pushi/vec4 0, 0, 2;
    %store/vec4 v00000144c70b2fe0_0, 0, 2;
    %pushi/vec4 2, 0, 3;
    %store/vec4 v00000144c70b3760_0, 0, 3;
    %pushi/vec4 1, 0, 2;
    %store/vec4 v00000144c70b2810_0, 0, 2;
    %pushi/vec4 111, 0, 7;
    %store/vec4 v00000144c70b24f0_0, 0, 7;
    %jmp T_0.8;
T_0.6 ;
    %pushi/vec4 55, 0, 7;
    %store/vec4 v00000144c70b24f0_0, 0, 7;
    %jmp T_0.8;
T_0.7 ;
    %jmp T_0.8;
T_0.8 ;
    %pop/vec4 1;
    %jmp T_0;
    .thread T_0, $push;
# The file index is used to find the file name in the following table.
:file_names 4;
    "N/A";
    "<interactive>";
    "-";
    "control_logic.v";
