#! /c/Source/iverilog-install/bin/vvp
:ivl_version "12.0 (devel)" "(s20150603-1539-g2693dd32b)";
:ivl_delay_selection "TYPICAL";
:vpi_time_precision + 0;
:vpi_module "C:\iverilog\lib\ivl\system.vpi";
:vpi_module "C:\iverilog\lib\ivl\vhdl_sys.vpi";
:vpi_module "C:\iverilog\lib\ivl\vhdl_textio.vpi";
:vpi_module "C:\iverilog\lib\ivl\v2005_math.vpi";
:vpi_module "C:\iverilog\lib\ivl\va_math.vpi";
:vpi_module "C:\iverilog\lib\ivl\v2009.vpi";
S_0000015a481730d0 .scope package, "$unit" "$unit" 2 1;
 .timescale 0 0;
S_0000015a48173260 .scope module, "pcREG" "pcREG" 3 3;
 .timescale 0 0;
    .port_info 0 /INPUT 1 "clk";
    .port_info 1 /INPUT 1 "wr_en";
    .port_info 2 /INPUT 1 "reset";
    .port_info 3 /INPUT 64 "next_pc";
    .port_info 4 /OUTPUT 64 "cur_pc";
o0000015a481a6fb8 .functor BUFZ 1, C4<z>; HiZ drive
v0000015a481a4b10_0 .net "clk", 0 0, o0000015a481a6fb8;  0 drivers
v0000015a4815ea40_0 .var "cur_pc", 63 0;
o0000015a481a7018 .functor BUFZ 64, C4<zzzzzzzzzzzzzzzzzzzzzzzzzzzzzzzzzzzzzzzzzzzzzzzzzzzzzzzzzzzzzzzz>; HiZ drive
v0000015a4815eae0_0 .net "next_pc", 63 0, o0000015a481a7018;  0 drivers
o0000015a481a7048 .functor BUFZ 1, C4<z>; HiZ drive
v0000015a4815eb80_0 .net "reset", 0 0, o0000015a481a7048;  0 drivers
o0000015a481a7078 .functor BUFZ 1, C4<z>; HiZ drive
v0000015a4815ec20_0 .net "wr_en", 0 0, o0000015a481a7078;  0 drivers
E_0000015a481a55a0 .event posedge, v0000015a4815eb80_0, v0000015a481a4b10_0;
    .scope S_0000015a48173260;
T_0 ;
    %wait E_0000015a481a55a0;
    %load/vec4 v0000015a4815eb80_0;
    %flag_set/vec4 8;
    %jmp/0xz  T_0.0, 8;
    %pushi/vec4 0, 0, 64;
    %assign/vec4 v0000015a4815ea40_0, 0;
    %jmp T_0.1;
T_0.0 ;
    %load/vec4 v0000015a4815eae0_0;
    %assign/vec4 v0000015a4815ea40_0, 0;
T_0.1 ;
    %jmp T_0;
    .thread T_0;
# The file index is used to find the file name in the following table.
:file_names 4;
    "N/A";
    "<interactive>";
    "-";
    "pcreg.v";
